
> bosnia-movie-rankings-frontend@1.0.0 dev
> vite

Port 3000 is in use, trying another one...

  VITE v5.4.21  ready in 124 ms

  ➜  Local:   http://localhost:11:51:41 PM [vite] http proxy error: /api/data/export?includeUsers=true&includeMovies=true&includeRankings=true
Error: socket hang up
    at Socket.socketOnEnd (node:_http_client:599:25)
    at Socket.emit (node:events:520:35)
    at endReadableNT (node:internal/streams/readable:1701:12)
    at process.processTicksAndRejections (node:internal/process/task_queues:89:21)
11:51:46 PM [vite] http proxy error: /api/data/export?includeUsers=true&includeMovies=true&includeRankings=true
AggregateError [ECONNREFUSED]: 
    at internalConnectMultiple (node:net:1134:18)
    at afterConnectMultiple (node:net:1715:7)
11:52:28 PM [vite] http proxy error: /api/data/export?includeUsers=true&includeMovies=true&includeRankings=true
AggregateError [ECONNREFUSED]: 
    at internalConnectMultiple (node:net:1134:18)
    at afterConnectMultiple (node:net:1715:7)
11:52:33 PM [vite] http proxy error: /api/data/export?includeUsers=true
AggregateError [ECONNREFUSED]: 
    at internalConnectMultiple (node:net:1134:18)
    at afterConnectMultiple (node:net:1715:7)
11:53:17 PM [vite] http proxy error: /api/data/export?includeUsers=true
AggregateError [ECONNREFUSED]: 
    at internalConnectMultiple (node:net:1134:18)
    at afterConnectMultiple (node:net:1715:7)
11:53:22 PM [vite] http proxy error: /health
AggregateError [ECONNREFUSED]: 
    at internalConnectMultiple (node:net:1134:18)
    at afterConnectMultiple (node:net:1715:7)
11:54:33 PM [vite] http proxy error: /api/data/export?includeUsers=true
AggregateError [ECONNREFUSED]: 
    at internalConnectMultiple (node:net:1134:18)
    at afterConnectMultiple (node:net:1715:7)
11:55:40 PM [vite] http proxy error: /api/data/export?includeUsers=true&includeMovies=false&includeRankings=false
AggregateError [ECONNREFUSED]: 
    at internalConnectMultiple (node:net:1134:18)
    at afterConnectMultiple (node:net:1715:7)
11:55:44 PM [vite] http proxy error: /health
AggregateError [ECONNREFUSED]: 
    at internalConnectMultiple (node:net:1134:18)
    at afterConnectMultiple (node:net:1715:7)
